The system is: Linux - 5.13.0-28-generic - x86_64
Compiling the CXX compiler identification source file "CMakeCXXCompilerId.cpp" succeeded.
Compiler: /usr/bin/c++ 
Build flags: 
Id flags:  

The output was:
0


Compilation of the CXX compiler identification source "CMakeCXXCompilerId.cpp" produced "a.out"

The CXX compiler identification is GNU, found in "/home/boki/Projects/CppTrainings/CppExtender/build/out/CMakeFiles/3.22.0/CompilerIdCXX/a.out"

Detecting CXX compiler ABI info compiled with the following output:
Change Dir: /home/boki/Projects/CppTrainings/CppExtender/build/out/CMakeFiles/CMakeTmp

Run Build Command(s):/usr/bin/ninja cmTC_2f870 && [1/2] Building CXX object CMakeFiles/cmTC_2f870.dir/CMakeCXXCompilerABI.cpp.o
Using built-in specs.
COLLECT_GCC=/usr/bin/c++
Target: x86_64-pc-linux-gnu
Configured with: ../configure --prefix=/opt/gcc-latest --enable-languages=c,c++ --enable-libstdcxx-debug --disable-bootstrap --disable-multilib --disable-libvtv --with-system-zlib --without-isl --enable-multiarch
Thread model: posix
Supported LTO compression algorithms: zlib
gcc version 12.0.0 20220116 (experimental) (GCC) 
COLLECT_GCC_OPTIONS='-v' '-o' 'CMakeFiles/cmTC_2f870.dir/CMakeCXXCompilerABI.cpp.o' '-c' '-shared-libgcc' '-mtune=generic' '-march=x86-64' '-dumpdir' 'CMakeFiles/cmTC_2f870.dir/'
 /opt/gcc-latest/libexec/gcc/x86_64-pc-linux-gnu/12.0.0/cc1plus -quiet -v -imultiarch x86_64-linux-gnu -D_GNU_SOURCE /home/boki/.local/lib/python3.8/site-packages/cmake/data/share/cmake-3.22/Modules/CMakeCXXCompilerABI.cpp -quiet -dumpdir CMakeFiles/cmTC_2f870.dir/ -dumpbase CMakeCXXCompilerABI.cpp.cpp -dumpbase-ext .cpp -mtune=generic -march=x86-64 -version -o /tmp/ccPwoIU4.s
GNU C++17 (GCC) version 12.0.0 20220116 (experimental) (x86_64-pc-linux-gnu)
	compiled by GNU C version 5.4.0 20160609, GMP version 6.2.1, MPFR version 4.1.0, MPC version 1.2.1, isl version none
GGC heuristics: --param ggc-min-expand=30 --param ggc-min-heapsize=4096
ignoring nonexistent directory "/usr/local/include/x86_64-linux-gnu"
ignoring nonexistent directory "/opt/gcc-latest/lib/gcc/x86_64-pc-linux-gnu/12.0.0/../../../../x86_64-pc-linux-gnu/include"
#include "..." search starts here:
#include <...> search starts here:
 /opt/gcc-latest/lib/gcc/x86_64-pc-linux-gnu/12.0.0/../../../../include/c++/12.0.0
 /opt/gcc-latest/lib/gcc/x86_64-pc-linux-gnu/12.0.0/../../../../include/c++/12.0.0/x86_64-pc-linux-gnu
 /opt/gcc-latest/lib/gcc/x86_64-pc-linux-gnu/12.0.0/../../../../include/c++/12.0.0/backward
 /opt/gcc-latest/lib/gcc/x86_64-pc-linux-gnu/12.0.0/include
 /usr/local/include
 /opt/gcc-latest/include
 /opt/gcc-latest/lib/gcc/x86_64-pc-linux-gnu/12.0.0/include-fixed
 /usr/include/x86_64-linux-gnu
 /usr/include
End of search list.
GNU C++17 (GCC) version 12.0.0 20220116 (experimental) (x86_64-pc-linux-gnu)
	compiled by GNU C version 5.4.0 20160609, GMP version 6.2.1, MPFR version 4.1.0, MPC version 1.2.1, isl version none
GGC heuristics: --param ggc-min-expand=30 --param ggc-min-heapsize=4096
Compiler executable checksum: f6640817d9c30b68680199244e4776d3
COLLECT_GCC_OPTIONS='-v' '-o' 'CMakeFiles/cmTC_2f870.dir/CMakeCXXCompilerABI.cpp.o' '-c' '-shared-libgcc' '-mtune=generic' '-march=x86-64' '-dumpdir' 'CMakeFiles/cmTC_2f870.dir/'
 as -v --64 -o CMakeFiles/cmTC_2f870.dir/CMakeCXXCompilerABI.cpp.o /tmp/ccPwoIU4.s
GNU assembler version 2.34 (x86_64-linux-gnu) using BFD version (GNU Binutils for Ubuntu) 2.34
COMPILER_PATH=/opt/gcc-latest/libexec/gcc/x86_64-pc-linux-gnu/12.0.0/:/opt/gcc-latest/libexec/gcc/x86_64-pc-linux-gnu/12.0.0/:/opt/gcc-latest/libexec/gcc/x86_64-pc-linux-gnu/:/opt/gcc-latest/lib/gcc/x86_64-pc-linux-gnu/12.0.0/:/opt/gcc-latest/lib/gcc/x86_64-pc-linux-gnu/
LIBRARY_PATH=/opt/gcc-latest/lib/gcc/x86_64-pc-linux-gnu/12.0.0/:/opt/gcc-latest/lib/gcc/x86_64-pc-linux-gnu/12.0.0/../../../../lib64/:/lib/x86_64-linux-gnu/:/lib/../lib64/:/usr/lib/x86_64-linux-gnu/:/usr/lib/../lib64/:/opt/gcc-latest/lib/gcc/x86_64-pc-linux-gnu/12.0.0/../../../:/lib/:/usr/lib/
COLLECT_GCC_OPTIONS='-v' '-o' 'CMakeFiles/cmTC_2f870.dir/CMakeCXXCompilerABI.cpp.o' '-c' '-shared-libgcc' '-mtune=generic' '-march=x86-64' '-dumpdir' 'CMakeFiles/cmTC_2f870.dir/CMakeCXXCompilerABI.cpp.'
[2/2] Linking CXX executable cmTC_2f870
Using built-in specs.
COLLECT_GCC=/usr/bin/c++
COLLECT_LTO_WRAPPER=/opt/gcc-latest/libexec/gcc/x86_64-pc-linux-gnu/12.0.0/lto-wrapper
Target: x86_64-pc-linux-gnu
Configured with: ../configure --prefix=/opt/gcc-latest --enable-languages=c,c++ --enable-libstdcxx-debug --disable-bootstrap --disable-multilib --disable-libvtv --with-system-zlib --without-isl --enable-multiarch
Thread model: posix
Supported LTO compression algorithms: zlib
gcc version 12.0.0 20220116 (experimental) (GCC) 
COMPILER_PATH=/opt/gcc-latest/libexec/gcc/x86_64-pc-linux-gnu/12.0.0/:/opt/gcc-latest/libexec/gcc/x86_64-pc-linux-gnu/12.0.0/:/opt/gcc-latest/libexec/gcc/x86_64-pc-linux-gnu/:/opt/gcc-latest/lib/gcc/x86_64-pc-linux-gnu/12.0.0/:/opt/gcc-latest/lib/gcc/x86_64-pc-linux-gnu/
LIBRARY_PATH=/opt/gcc-latest/lib/gcc/x86_64-pc-linux-gnu/12.0.0/:/opt/gcc-latest/lib/gcc/x86_64-pc-linux-gnu/12.0.0/../../../../lib64/:/lib/x86_64-linux-gnu/:/lib/../lib64/:/usr/lib/x86_64-linux-gnu/:/usr/lib/../lib64/:/opt/gcc-latest/lib/gcc/x86_64-pc-linux-gnu/12.0.0/../../../:/lib/:/usr/lib/
COLLECT_GCC_OPTIONS='-v' '-o' 'cmTC_2f870' '-shared-libgcc' '-mtune=generic' '-march=x86-64' '-dumpdir' 'cmTC_2f870.'
 /opt/gcc-latest/libexec/gcc/x86_64-pc-linux-gnu/12.0.0/collect2 -plugin /opt/gcc-latest/libexec/gcc/x86_64-pc-linux-gnu/12.0.0/liblto_plugin.so -plugin-opt=/opt/gcc-latest/libexec/gcc/x86_64-pc-linux-gnu/12.0.0/lto-wrapper -plugin-opt=-fresolution=/tmp/cckzLg7p.res -plugin-opt=-pass-through=-lgcc_s -plugin-opt=-pass-through=-lgcc -plugin-opt=-pass-through=-lc -plugin-opt=-pass-through=-lgcc_s -plugin-opt=-pass-through=-lgcc --eh-frame-hdr -m elf_x86_64 -dynamic-linker /lib64/ld-linux-x86-64.so.2 -o cmTC_2f870 /lib/x86_64-linux-gnu/crt1.o /lib/x86_64-linux-gnu/crti.o /opt/gcc-latest/lib/gcc/x86_64-pc-linux-gnu/12.0.0/crtbegin.o -L/opt/gcc-latest/lib/gcc/x86_64-pc-linux-gnu/12.0.0 -L/opt/gcc-latest/lib/gcc/x86_64-pc-linux-gnu/12.0.0/../../../../lib64 -L/lib/x86_64-linux-gnu -L/lib/../lib64 -L/usr/lib/x86_64-linux-gnu -L/usr/lib/../lib64 -L/opt/gcc-latest/lib/gcc/x86_64-pc-linux-gnu/12.0.0/../../.. CMakeFiles/cmTC_2f870.dir/CMakeCXXCompilerABI.cpp.o -lstdc++ -lm -lgcc_s -lgcc -lc -lgcc_s -lgcc /opt/gcc-latest/lib/gcc/x86_64-pc-linux-gnu/12.0.0/crtend.o /lib/x86_64-linux-gnu/crtn.o
COLLECT_GCC_OPTIONS='-v' '-o' 'cmTC_2f870' '-shared-libgcc' '-mtune=generic' '-march=x86-64' '-dumpdir' 'cmTC_2f870.'



Parsed CXX implicit include dir info from above output: rv=done
  found start of include info
  found start of implicit include info
    add: [/opt/gcc-latest/lib/gcc/x86_64-pc-linux-gnu/12.0.0/../../../../include/c++/12.0.0]
    add: [/opt/gcc-latest/lib/gcc/x86_64-pc-linux-gnu/12.0.0/../../../../include/c++/12.0.0/x86_64-pc-linux-gnu]
    add: [/opt/gcc-latest/lib/gcc/x86_64-pc-linux-gnu/12.0.0/../../../../include/c++/12.0.0/backward]
    add: [/opt/gcc-latest/lib/gcc/x86_64-pc-linux-gnu/12.0.0/include]
    add: [/usr/local/include]
    add: [/opt/gcc-latest/include]
    add: [/opt/gcc-latest/lib/gcc/x86_64-pc-linux-gnu/12.0.0/include-fixed]
    add: [/usr/include/x86_64-linux-gnu]
    add: [/usr/include]
  end of search list found
  collapse include dir [/opt/gcc-latest/lib/gcc/x86_64-pc-linux-gnu/12.0.0/../../../../include/c++/12.0.0] ==> [/opt/gcc-latest/include/c++/12.0.0]
  collapse include dir [/opt/gcc-latest/lib/gcc/x86_64-pc-linux-gnu/12.0.0/../../../../include/c++/12.0.0/x86_64-pc-linux-gnu] ==> [/opt/gcc-latest/include/c++/12.0.0/x86_64-pc-linux-gnu]
  collapse include dir [/opt/gcc-latest/lib/gcc/x86_64-pc-linux-gnu/12.0.0/../../../../include/c++/12.0.0/backward] ==> [/opt/gcc-latest/include/c++/12.0.0/backward]
  collapse include dir [/opt/gcc-latest/lib/gcc/x86_64-pc-linux-gnu/12.0.0/include] ==> [/opt/gcc-latest/lib/gcc/x86_64-pc-linux-gnu/12.0.0/include]
  collapse include dir [/usr/local/include] ==> [/usr/local/include]
  collapse include dir [/opt/gcc-latest/include] ==> [/opt/gcc-latest/include]
  collapse include dir [/opt/gcc-latest/lib/gcc/x86_64-pc-linux-gnu/12.0.0/include-fixed] ==> [/opt/gcc-latest/lib/gcc/x86_64-pc-linux-gnu/12.0.0/include-fixed]
  collapse include dir [/usr/include/x86_64-linux-gnu] ==> [/usr/include/x86_64-linux-gnu]
  collapse include dir [/usr/include] ==> [/usr/include]
  implicit include dirs: [/opt/gcc-latest/include/c++/12.0.0;/opt/gcc-latest/include/c++/12.0.0/x86_64-pc-linux-gnu;/opt/gcc-latest/include/c++/12.0.0/backward;/opt/gcc-latest/lib/gcc/x86_64-pc-linux-gnu/12.0.0/include;/usr/local/include;/opt/gcc-latest/include;/opt/gcc-latest/lib/gcc/x86_64-pc-linux-gnu/12.0.0/include-fixed;/usr/include/x86_64-linux-gnu;/usr/include]


Parsed CXX implicit link information from above output:
  link line regex: [^( *|.*[/\])(ld|CMAKE_LINK_STARTFILE-NOTFOUND|([^/\]+-)?ld|collect2)[^/\]*( |$)]
  ignore line: [Change Dir: /home/boki/Projects/CppTrainings/CppExtender/build/out/CMakeFiles/CMakeTmp]
  ignore line: []
  ignore line: [Run Build Command(s):/usr/bin/ninja cmTC_2f870 && [1/2] Building CXX object CMakeFiles/cmTC_2f870.dir/CMakeCXXCompilerABI.cpp.o]
  ignore line: [Using built-in specs.]
  ignore line: [COLLECT_GCC=/usr/bin/c++]
  ignore line: [Target: x86_64-pc-linux-gnu]
  ignore line: [Configured with: ../configure --prefix=/opt/gcc-latest --enable-languages=c c++ --enable-libstdcxx-debug --disable-bootstrap --disable-multilib --disable-libvtv --with-system-zlib --without-isl --enable-multiarch]
  ignore line: [Thread model: posix]
  ignore line: [Supported LTO compression algorithms: zlib]
  ignore line: [gcc version 12.0.0 20220116 (experimental) (GCC) ]
  ignore line: [COLLECT_GCC_OPTIONS='-v' '-o' 'CMakeFiles/cmTC_2f870.dir/CMakeCXXCompilerABI.cpp.o' '-c' '-shared-libgcc' '-mtune=generic' '-march=x86-64' '-dumpdir' 'CMakeFiles/cmTC_2f870.dir/']
  ignore line: [ /opt/gcc-latest/libexec/gcc/x86_64-pc-linux-gnu/12.0.0/cc1plus -quiet -v -imultiarch x86_64-linux-gnu -D_GNU_SOURCE /home/boki/.local/lib/python3.8/site-packages/cmake/data/share/cmake-3.22/Modules/CMakeCXXCompilerABI.cpp -quiet -dumpdir CMakeFiles/cmTC_2f870.dir/ -dumpbase CMakeCXXCompilerABI.cpp.cpp -dumpbase-ext .cpp -mtune=generic -march=x86-64 -version -o /tmp/ccPwoIU4.s]
  ignore line: [GNU C++17 (GCC) version 12.0.0 20220116 (experimental) (x86_64-pc-linux-gnu)]
  ignore line: [	compiled by GNU C version 5.4.0 20160609  GMP version 6.2.1  MPFR version 4.1.0  MPC version 1.2.1  isl version none]
  ignore line: [GGC heuristics: --param ggc-min-expand=30 --param ggc-min-heapsize=4096]
  ignore line: [ignoring nonexistent directory "/usr/local/include/x86_64-linux-gnu"]
  ignore line: [ignoring nonexistent directory "/opt/gcc-latest/lib/gcc/x86_64-pc-linux-gnu/12.0.0/../../../../x86_64-pc-linux-gnu/include"]
  ignore line: [#include "..." search starts here:]
  ignore line: [#include <...> search starts here:]
  ignore line: [ /opt/gcc-latest/lib/gcc/x86_64-pc-linux-gnu/12.0.0/../../../../include/c++/12.0.0]
  ignore line: [ /opt/gcc-latest/lib/gcc/x86_64-pc-linux-gnu/12.0.0/../../../../include/c++/12.0.0/x86_64-pc-linux-gnu]
  ignore line: [ /opt/gcc-latest/lib/gcc/x86_64-pc-linux-gnu/12.0.0/../../../../include/c++/12.0.0/backward]
  ignore line: [ /opt/gcc-latest/lib/gcc/x86_64-pc-linux-gnu/12.0.0/include]
  ignore line: [ /usr/local/include]
  ignore line: [ /opt/gcc-latest/include]
  ignore line: [ /opt/gcc-latest/lib/gcc/x86_64-pc-linux-gnu/12.0.0/include-fixed]
  ignore line: [ /usr/include/x86_64-linux-gnu]
  ignore line: [ /usr/include]
  ignore line: [End of search list.]
  ignore line: [GNU C++17 (GCC) version 12.0.0 20220116 (experimental) (x86_64-pc-linux-gnu)]
  ignore line: [	compiled by GNU C version 5.4.0 20160609  GMP version 6.2.1  MPFR version 4.1.0  MPC version 1.2.1  isl version none]
  ignore line: [GGC heuristics: --param ggc-min-expand=30 --param ggc-min-heapsize=4096]
  ignore line: [Compiler executable checksum: f6640817d9c30b68680199244e4776d3]
  ignore line: [COLLECT_GCC_OPTIONS='-v' '-o' 'CMakeFiles/cmTC_2f870.dir/CMakeCXXCompilerABI.cpp.o' '-c' '-shared-libgcc' '-mtune=generic' '-march=x86-64' '-dumpdir' 'CMakeFiles/cmTC_2f870.dir/']
  ignore line: [ as -v --64 -o CMakeFiles/cmTC_2f870.dir/CMakeCXXCompilerABI.cpp.o /tmp/ccPwoIU4.s]
  ignore line: [GNU assembler version 2.34 (x86_64-linux-gnu) using BFD version (GNU Binutils for Ubuntu) 2.34]
  ignore line: [COMPILER_PATH=/opt/gcc-latest/libexec/gcc/x86_64-pc-linux-gnu/12.0.0/:/opt/gcc-latest/libexec/gcc/x86_64-pc-linux-gnu/12.0.0/:/opt/gcc-latest/libexec/gcc/x86_64-pc-linux-gnu/:/opt/gcc-latest/lib/gcc/x86_64-pc-linux-gnu/12.0.0/:/opt/gcc-latest/lib/gcc/x86_64-pc-linux-gnu/]
  ignore line: [LIBRARY_PATH=/opt/gcc-latest/lib/gcc/x86_64-pc-linux-gnu/12.0.0/:/opt/gcc-latest/lib/gcc/x86_64-pc-linux-gnu/12.0.0/../../../../lib64/:/lib/x86_64-linux-gnu/:/lib/../lib64/:/usr/lib/x86_64-linux-gnu/:/usr/lib/../lib64/:/opt/gcc-latest/lib/gcc/x86_64-pc-linux-gnu/12.0.0/../../../:/lib/:/usr/lib/]
  ignore line: [COLLECT_GCC_OPTIONS='-v' '-o' 'CMakeFiles/cmTC_2f870.dir/CMakeCXXCompilerABI.cpp.o' '-c' '-shared-libgcc' '-mtune=generic' '-march=x86-64' '-dumpdir' 'CMakeFiles/cmTC_2f870.dir/CMakeCXXCompilerABI.cpp.']
  ignore line: [[2/2] Linking CXX executable cmTC_2f870]
  ignore line: [Using built-in specs.]
  ignore line: [COLLECT_GCC=/usr/bin/c++]
  ignore line: [COLLECT_LTO_WRAPPER=/opt/gcc-latest/libexec/gcc/x86_64-pc-linux-gnu/12.0.0/lto-wrapper]
  ignore line: [Target: x86_64-pc-linux-gnu]
  ignore line: [Configured with: ../configure --prefix=/opt/gcc-latest --enable-languages=c c++ --enable-libstdcxx-debug --disable-bootstrap --disable-multilib --disable-libvtv --with-system-zlib --without-isl --enable-multiarch]
  ignore line: [Thread model: posix]
  ignore line: [Supported LTO compression algorithms: zlib]
  ignore line: [gcc version 12.0.0 20220116 (experimental) (GCC) ]
  ignore line: [COMPILER_PATH=/opt/gcc-latest/libexec/gcc/x86_64-pc-linux-gnu/12.0.0/:/opt/gcc-latest/libexec/gcc/x86_64-pc-linux-gnu/12.0.0/:/opt/gcc-latest/libexec/gcc/x86_64-pc-linux-gnu/:/opt/gcc-latest/lib/gcc/x86_64-pc-linux-gnu/12.0.0/:/opt/gcc-latest/lib/gcc/x86_64-pc-linux-gnu/]
  ignore line: [LIBRARY_PATH=/opt/gcc-latest/lib/gcc/x86_64-pc-linux-gnu/12.0.0/:/opt/gcc-latest/lib/gcc/x86_64-pc-linux-gnu/12.0.0/../../../../lib64/:/lib/x86_64-linux-gnu/:/lib/../lib64/:/usr/lib/x86_64-linux-gnu/:/usr/lib/../lib64/:/opt/gcc-latest/lib/gcc/x86_64-pc-linux-gnu/12.0.0/../../../:/lib/:/usr/lib/]
  ignore line: [COLLECT_GCC_OPTIONS='-v' '-o' 'cmTC_2f870' '-shared-libgcc' '-mtune=generic' '-march=x86-64' '-dumpdir' 'cmTC_2f870.']
  link line: [ /opt/gcc-latest/libexec/gcc/x86_64-pc-linux-gnu/12.0.0/collect2 -plugin /opt/gcc-latest/libexec/gcc/x86_64-pc-linux-gnu/12.0.0/liblto_plugin.so -plugin-opt=/opt/gcc-latest/libexec/gcc/x86_64-pc-linux-gnu/12.0.0/lto-wrapper -plugin-opt=-fresolution=/tmp/cckzLg7p.res -plugin-opt=-pass-through=-lgcc_s -plugin-opt=-pass-through=-lgcc -plugin-opt=-pass-through=-lc -plugin-opt=-pass-through=-lgcc_s -plugin-opt=-pass-through=-lgcc --eh-frame-hdr -m elf_x86_64 -dynamic-linker /lib64/ld-linux-x86-64.so.2 -o cmTC_2f870 /lib/x86_64-linux-gnu/crt1.o /lib/x86_64-linux-gnu/crti.o /opt/gcc-latest/lib/gcc/x86_64-pc-linux-gnu/12.0.0/crtbegin.o -L/opt/gcc-latest/lib/gcc/x86_64-pc-linux-gnu/12.0.0 -L/opt/gcc-latest/lib/gcc/x86_64-pc-linux-gnu/12.0.0/../../../../lib64 -L/lib/x86_64-linux-gnu -L/lib/../lib64 -L/usr/lib/x86_64-linux-gnu -L/usr/lib/../lib64 -L/opt/gcc-latest/lib/gcc/x86_64-pc-linux-gnu/12.0.0/../../.. CMakeFiles/cmTC_2f870.dir/CMakeCXXCompilerABI.cpp.o -lstdc++ -lm -lgcc_s -lgcc -lc -lgcc_s -lgcc /opt/gcc-latest/lib/gcc/x86_64-pc-linux-gnu/12.0.0/crtend.o /lib/x86_64-linux-gnu/crtn.o]
    arg [/opt/gcc-latest/libexec/gcc/x86_64-pc-linux-gnu/12.0.0/collect2] ==> ignore
    arg [-plugin] ==> ignore
    arg [/opt/gcc-latest/libexec/gcc/x86_64-pc-linux-gnu/12.0.0/liblto_plugin.so] ==> ignore
    arg [-plugin-opt=/opt/gcc-latest/libexec/gcc/x86_64-pc-linux-gnu/12.0.0/lto-wrapper] ==> ignore
    arg [-plugin-opt=-fresolution=/tmp/cckzLg7p.res] ==> ignore
    arg [-plugin-opt=-pass-through=-lgcc_s] ==> ignore
    arg [-plugin-opt=-pass-through=-lgcc] ==> ignore
    arg [-plugin-opt=-pass-through=-lc] ==> ignore
    arg [-plugin-opt=-pass-through=-lgcc_s] ==> ignore
    arg [-plugin-opt=-pass-through=-lgcc] ==> ignore
    arg [--eh-frame-hdr] ==> ignore
    arg [-m] ==> ignore
    arg [elf_x86_64] ==> ignore
    arg [-dynamic-linker] ==> ignore
    arg [/lib64/ld-linux-x86-64.so.2] ==> ignore
    arg [-o] ==> ignore
    arg [cmTC_2f870] ==> ignore
    arg [/lib/x86_64-linux-gnu/crt1.o] ==> obj [/lib/x86_64-linux-gnu/crt1.o]
    arg [/lib/x86_64-linux-gnu/crti.o] ==> obj [/lib/x86_64-linux-gnu/crti.o]
    arg [/opt/gcc-latest/lib/gcc/x86_64-pc-linux-gnu/12.0.0/crtbegin.o] ==> obj [/opt/gcc-latest/lib/gcc/x86_64-pc-linux-gnu/12.0.0/crtbegin.o]
    arg [-L/opt/gcc-latest/lib/gcc/x86_64-pc-linux-gnu/12.0.0] ==> dir [/opt/gcc-latest/lib/gcc/x86_64-pc-linux-gnu/12.0.0]
    arg [-L/opt/gcc-latest/lib/gcc/x86_64-pc-linux-gnu/12.0.0/../../../../lib64] ==> dir [/opt/gcc-latest/lib/gcc/x86_64-pc-linux-gnu/12.0.0/../../../../lib64]
    arg [-L/lib/x86_64-linux-gnu] ==> dir [/lib/x86_64-linux-gnu]
    arg [-L/lib/../lib64] ==> dir [/lib/../lib64]
    arg [-L/usr/lib/x86_64-linux-gnu] ==> dir [/usr/lib/x86_64-linux-gnu]
    arg [-L/usr/lib/../lib64] ==> dir [/usr/lib/../lib64]
    arg [-L/opt/gcc-latest/lib/gcc/x86_64-pc-linux-gnu/12.0.0/../../..] ==> dir [/opt/gcc-latest/lib/gcc/x86_64-pc-linux-gnu/12.0.0/../../..]
    arg [CMakeFiles/cmTC_2f870.dir/CMakeCXXCompilerABI.cpp.o] ==> ignore
    arg [-lstdc++] ==> lib [stdc++]
    arg [-lm] ==> lib [m]
    arg [-lgcc_s] ==> lib [gcc_s]
    arg [-lgcc] ==> lib [gcc]
    arg [-lc] ==> lib [c]
    arg [-lgcc_s] ==> lib [gcc_s]
    arg [-lgcc] ==> lib [gcc]
    arg [/opt/gcc-latest/lib/gcc/x86_64-pc-linux-gnu/12.0.0/crtend.o] ==> obj [/opt/gcc-latest/lib/gcc/x86_64-pc-linux-gnu/12.0.0/crtend.o]
    arg [/lib/x86_64-linux-gnu/crtn.o] ==> obj [/lib/x86_64-linux-gnu/crtn.o]
  collapse library dir [/opt/gcc-latest/lib/gcc/x86_64-pc-linux-gnu/12.0.0] ==> [/opt/gcc-latest/lib/gcc/x86_64-pc-linux-gnu/12.0.0]
  collapse library dir [/opt/gcc-latest/lib/gcc/x86_64-pc-linux-gnu/12.0.0/../../../../lib64] ==> [/opt/gcc-latest/lib64]
  collapse library dir [/lib/x86_64-linux-gnu] ==> [/lib/x86_64-linux-gnu]
  collapse library dir [/lib/../lib64] ==> [/lib64]
  collapse library dir [/usr/lib/x86_64-linux-gnu] ==> [/usr/lib/x86_64-linux-gnu]
  collapse library dir [/usr/lib/../lib64] ==> [/usr/lib64]
  collapse library dir [/opt/gcc-latest/lib/gcc/x86_64-pc-linux-gnu/12.0.0/../../..] ==> [/opt/gcc-latest/lib]
  implicit libs: [stdc++;m;gcc_s;gcc;c;gcc_s;gcc]
  implicit objs: [/lib/x86_64-linux-gnu/crt1.o;/lib/x86_64-linux-gnu/crti.o;/opt/gcc-latest/lib/gcc/x86_64-pc-linux-gnu/12.0.0/crtbegin.o;/opt/gcc-latest/lib/gcc/x86_64-pc-linux-gnu/12.0.0/crtend.o;/lib/x86_64-linux-gnu/crtn.o]
  implicit dirs: [/opt/gcc-latest/lib/gcc/x86_64-pc-linux-gnu/12.0.0;/opt/gcc-latest/lib64;/lib/x86_64-linux-gnu;/lib64;/usr/lib/x86_64-linux-gnu;/usr/lib64;/opt/gcc-latest/lib]
  implicit fwks: []


